<?xml version="1.0" encoding="UTF-8"?>
<!-- Generated by org.testng.reporters.JUnitReportReporter -->
<testsuite hostname="DESKTOP-B94R4DD" failures="0" tests="1" name="testScripts.AmazonSearch_TestCase" time="26.721" errors="0" timestamp="2025-09-27T16:49:59 IST" skipped="0">
  <testcase classname="testScripts.AmazonSearch_TestCase" name="amazonProductSearchAndClickAddToCart_Tc001" time="26.721"/>
</testsuite> <!-- testScripts.AmazonSearch_TestCase -->
